<?xml version="1.0" encoding="UTF-8"?>
<!-- Generated by org.testng.reporters.JUnitReportReporter -->
<testsuite skipped="0" hostname="NPF0SKJU9" name="basePackage.WebSiteOperations" tests="1" failures="0" timestamp="08 Jun 2018 11:54:46 GMT" time="13.917" errors="0">
  <testcase name="MainCondition" time="13.917" classname="basePackage.WebSiteOperations"/>
</testsuite> <!-- basePackage.WebSiteOperations -->
